# JRE version: 7.0_25
# Java VM: OpenJDK 64-Bit Server VM (23.7-b01 mixed mode linux-amd64 compressed oops)
Heap
 PSYoungGen      total 17536K, used 6457K [0x00000000ec600000, 0x00000000ee840000, 0x0000000100000000)
  eden space 15040K, 42% used [0x00000000ec600000,0x00000000ecc4e460,0x00000000ed4b0000)
  from space 2496K, 0% used [0x00000000ed4b0000,0x00000000ed4b0000,0x00000000ed720000)
  to   space 2496K, 0% used [0x00000000ee5d0000,0x00000000ee5d0000,0x00000000ee840000)
 ParOldGen       total 84928K, used 55417K [0x00000000c5200000, 0x00000000ca4f0000, 0x00000000ec600000)
  object space 84928K, 65% used [0x00000000c5200000,0x00000000c881e7d0,0x00000000ca4f0000)
 PSPermGen       total 26368K, used 13101K [0x00000000bac00000, 0x00000000bc5c0000, 0x00000000c5200000)
  object space 26368K, 49% used [0x00000000bac00000,0x00000000bb8cb750,0x00000000bc5c0000)
GC Heap History (8 events):
Event: 0.422 GC heap before
{Heap before GC invocations=1 (full 0):
 PSYoungGen      total 17536K, used 15040K [0x00000000ec600000, 0x00000000ed990000, 0x0000000100000000)
  eden space 15040K, 100% used [0x00000000ec600000,0x00000000ed4b0000,0x00000000ed4b0000)
  from space 2496K, 0% used [0x00000000ed720000,0x00000000ed720000,0x00000000ed990000)
  to   space 2496K, 0% used [0x00000000ed4b0000,0x00000000ed4b0000,0x00000000ed720000)
 ParOldGen       total 40192K, used 15000K [0x00000000c5200000, 0x00000000c7940000, 0x00000000ec600000)
  object space 40192K, 37% used [0x00000000c5200000,0x00000000c60a6010,0x00000000c7940000)
 PSPermGen       total 21248K, used 8749K [0x00000000bac00000, 0x00000000bc0c0000, 0x00000000c5200000)
  object space 21248K, 41% used [0x00000000bac00000,0x00000000bb48b538,0x00000000bc0c0000)
Event: 0.426 GC heap after
Heap after GC invocations=1 (full 0):
 PSYoungGen      total 17536K, used 1088K [0x00000000ec600000, 0x00000000ed990000, 0x0000000100000000)
  eden space 15040K, 0% used [0x00000000ec600000,0x00000000ec600000,0x00000000ed4b0000)
  from space 2496K, 43% used [0x00000000ed4b0000,0x00000000ed5c0000,0x00000000ed720000)
  to   space 2496K, 0% used [0x00000000ed720000,0x00000000ed720000,0x00000000ed990000)
 ParOldGen       total 40192K, used 15000K [0x00000000c5200000, 0x00000000c7940000, 0x00000000ec600000)
  object space 40192K, 37% used [0x00000000c5200000,0x00000000c60a6010,0x00000000c7940000)
 PSPermGen       total 21248K, used 8749K [0x00000000bac00000, 0x00000000bc0c0000, 0x00000000c5200000)
  object space 21248K, 41% used [0x00000000bac00000,0x00000000bb48b538,0x00000000bc0c0000)
}
Event: 0.562 GC heap before
{Heap before GC invocations=2 (full 0):
 PSYoungGen      total 17536K, used 15338K [0x00000000ec600000, 0x00000000ed990000, 0x0000000100000000)
  eden space 15040K, 94% used [0x00000000ec600000,0x00000000ed3ea848,0x00000000ed4b0000)
  from space 2496K, 43% used [0x00000000ed4b0000,0x00000000ed5c0000,0x00000000ed720000)
  to   space 2496K, 0% used [0x00000000ed720000,0x00000000ed720000,0x00000000ed990000)
 ParOldGen       total 40192K, used 15000K [0x00000000c5200000, 0x00000000c7940000, 0x00000000ec600000)
  object space 40192K, 37% used [0x00000000c5200000,0x00000000c60a6010,0x00000000c7940000)
 PSPermGen       total 21248K, used 8751K [0x00000000bac00000, 0x00000000bc0c0000, 0x00000000c5200000)
  object space 21248K, 41% used [0x00000000bac00000,0x00000000bb48bcb0,0x00000000bc0c0000)
Event: 0.566 GC heap after
Heap after GC invocations=2 (full 0):
 PSYoungGen      total 17536K, used 1008K [0x00000000ec600000, 0x00000000ee840000, 0x0000000100000000)
  eden space 15040K, 0% used [0x00000000ec600000,0x00000000ec600000,0x00000000ed4b0000)
  from space 2496K, 40% used [0x00000000ed720000,0x00000000ed81c010,0x00000000ed990000)
  to   space 2496K, 0% used [0x00000000ed4b0000,0x00000000ed4b0000,0x00000000ed720000)
 ParOldGen       total 40192K, used 15000K [0x00000000c5200000, 0x00000000c7940000, 0x00000000ec600000)
  object space 40192K, 37% used [0x00000000c5200000,0x00000000c60a6010,0x00000000c7940000)
 PSPermGen       total 21248K, used 8751K [0x00000000bac00000, 0x00000000bc0c0000, 0x00000000c5200000)
  object space 21248K, 41% used [0x00000000bac00000,0x00000000bb48bcb0,0x00000000bc0c0000)
}
Event: 3.700 GC heap before
{Heap before GC invocations=3 (full 0):
 PSYoungGen      total 17536K, used 16044K [0x00000000ec600000, 0x00000000ee840000, 0x0000000100000000)
  eden space 15040K, 99% used [0x00000000ec600000,0x00000000ed4af238,0x00000000ed4b0000)
  from space 2496K, 40% used [0x00000000ed720000,0x00000000ed81c010,0x00000000ed990000)
  to   space 2496K, 0% used [0x00000000ed4b0000,0x00000000ed4b0000,0x00000000ed720000)
 ParOldGen       total 70272K, used 65133K [0x00000000c5200000, 0x00000000c96a0000, 0x00000000ec600000)
  object space 70272K, 92% used [0x00000000c5200000,0x00000000c919b500,0x00000000c96a0000)
 PSPermGen       total 21248K, used 13029K [0x00000000bac00000, 0x00000000bc0c0000, 0x00000000c5200000)
  object space 21248K, 61% used [0x00000000bac00000,0x00000000bb8b9770,0x00000000bc0c0000)
Event: 3.712 GC heap after
Heap after GC invocations=3 (full 0):
 PSYoungGen      total 17536K, used 2475K [0x00000000ec600000, 0x00000000ee840000, 0x0000000100000000)
  eden space 15040K, 0% used [0x00000000ec600000,0x00000000ec600000,0x00000000ed4b0000)
  from space 2496K, 99% used [0x00000000ed4b0000,0x00000000ed71af88,0x00000000ed720000)
  to   space 2496K, 0% used [0x00000000ee5d0000,0x00000000ee5d0000,0x00000000ee840000)
 ParOldGen       total 70272K, used 68321K [0x00000000c5200000, 0x00000000c96a0000, 0x00000000ec600000)
  object space 70272K, 97% used [0x00000000c5200000,0x00000000c94b85e0,0x00000000c96a0000)
 PSPermGen       total 21248K, used 13029K [0x00000000bac00000, 0x00000000bc0c0000, 0x00000000c5200000)
  object space 21248K, 61% used [0x00000000bac00000,0x00000000bb8b9770,0x00000000bc0c0000)
}
Event: 3.712 GC heap before
{Heap before GC invocations=4 (full 1):
 PSYoungGen      total 17536K, used 2475K [0x00000000ec600000, 0x00000000ee840000, 0x0000000100000000)
  eden space 15040K, 0% used [0x00000000ec600000,0x00000000ec600000,0x00000000ed4b0000)
  from space 2496K, 99% used [0x00000000ed4b0000,0x00000000ed71af88,0x00000000ed720000)
  to   space 2496K, 0% used [0x00000000ee5d0000,0x00000000ee5d0000,0x00000000ee840000)
 ParOldGen       total 70272K, used 68321K [0x00000000c5200000, 0x00000000c96a0000, 0x00000000ec600000)
  object space 70272K, 97% used [0x00000000c5200000,0x00000000c94b85e0,0x00000000c96a0000)
 PSPermGen       total 21248K, used 13029K [0x00000000bac00000, 0x00000000bc0c0000, 0x00000000c5200000)
  object space 21248K, 61% used [0x00000000bac00000,0x00000000bb8b9770,0x00000000bc0c0000)
Event: 3.781 GC heap after
Heap after GC invocations=4 (full 1):
 PSYoungGen      total 17536K, used 0K [0x00000000ec600000, 0x00000000ee840000, 0x0000000100000000)
  eden space 15040K, 0% used [0x00000000ec600000,0x00000000ec600000,0x00000000ed4b0000)
  from space 2496K, 0% used [0x00000000ed4b0000,0x00000000ed4b0000,0x00000000ed720000)
  to   space 2496K, 0% used [0x00000000ee5d0000,0x00000000ee5d0000,0x00000000ee840000)
 ParOldGen       total 84928K, used 55417K [0x00000000c5200000, 0x00000000ca4f0000, 0x00000000ec600000)
  object space 84928K, 65% used [0x00000000c5200000,0x00000000c881e7d0,0x00000000ca4f0000)
 PSPermGen       total 26368K, used 13025K [0x00000000bac00000, 0x00000000bc5c0000, 0x00000000c5200000)
  object space 26368K, 49% used [0x00000000bac00000,0x00000000bb8b8630,0x00000000bc5c0000)
}

