# JRE version: 7.0_25
# Java VM: OpenJDK 64-Bit Server VM (23.7-b01 mixed mode linux-amd64 compressed oops)
Heap
 PSYoungGen      total 17536K, used 1679K [0x00000000ec600000, 0x00000000ee840000, 0x0000000100000000)
  eden space 15040K, 11% used [0x00000000ec600000,0x00000000ec7a3eb0,0x00000000ed4b0000)
  from space 2496K, 0% used [0x00000000ed4b0000,0x00000000ed4b0000,0x00000000ed720000)
  to   space 2496K, 0% used [0x00000000ee5d0000,0x00000000ee5d0000,0x00000000ee840000)
 ParOldGen       total 71424K, used 36202K [0x00000000c5200000, 0x00000000c97c0000, 0x00000000ec600000)
  object space 71424K, 50% used [0x00000000c5200000,0x00000000c755aaa0,0x00000000c97c0000)
 PSPermGen       total 25408K, used 12675K [0x00000000bac00000, 0x00000000bc4d0000, 0x00000000c5200000)
  object space 25408K, 49% used [0x00000000bac00000,0x00000000bb860dc0,0x00000000bc4d0000)
GC Heap History (8 events):
Event: 0.749 GC heap before
{Heap before GC invocations=1 (full 0):
 PSYoungGen      total 17536K, used 15040K [0x00000000ec600000, 0x00000000ed990000, 0x0000000100000000)
  eden space 15040K, 100% used [0x00000000ec600000,0x00000000ed4b0000,0x00000000ed4b0000)
  from space 2496K, 0% used [0x00000000ed720000,0x00000000ed720000,0x00000000ed990000)
  to   space 2496K, 0% used [0x00000000ed4b0000,0x00000000ed4b0000,0x00000000ed720000)
 ParOldGen       total 40192K, used 15000K [0x00000000c5200000, 0x00000000c7940000, 0x00000000ec600000)
  object space 40192K, 37% used [0x00000000c5200000,0x00000000c60a6010,0x00000000c7940000)
 PSPermGen       total 21248K, used 8756K [0x00000000bac00000, 0x00000000bc0c0000, 0x00000000c5200000)
  object space 21248K, 41% used [0x00000000bac00000,0x00000000bb48d228,0x00000000bc0c0000)
Event: 0.753 GC heap after
Heap after GC invocations=1 (full 0):
 PSYoungGen      total 17536K, used 1056K [0x00000000ec600000, 0x00000000ed990000, 0x0000000100000000)
  eden space 15040K, 0% used [0x00000000ec600000,0x00000000ec600000,0x00000000ed4b0000)
  from space 2496K, 42% used [0x00000000ed4b0000,0x00000000ed5b8000,0x00000000ed720000)
  to   space 2496K, 0% used [0x00000000ed720000,0x00000000ed720000,0x00000000ed990000)
 ParOldGen       total 40192K, used 15000K [0x00000000c5200000, 0x00000000c7940000, 0x00000000ec600000)
  object space 40192K, 37% used [0x00000000c5200000,0x00000000c60a6010,0x00000000c7940000)
 PSPermGen       total 21248K, used 8756K [0x00000000bac00000, 0x00000000bc0c0000, 0x00000000c5200000)
  object space 21248K, 41% used [0x00000000bac00000,0x00000000bb48d228,0x00000000bc0c0000)
}
Event: 0.917 GC heap before
{Heap before GC invocations=2 (full 0):
 PSYoungGen      total 17536K, used 15292K [0x00000000ec600000, 0x00000000ed990000, 0x0000000100000000)
  eden space 15040K, 94% used [0x00000000ec600000,0x00000000ed3e72c8,0x00000000ed4b0000)
  from space 2496K, 42% used [0x00000000ed4b0000,0x00000000ed5b8000,0x00000000ed720000)
  to   space 2496K, 0% used [0x00000000ed720000,0x00000000ed720000,0x00000000ed990000)
 ParOldGen       total 40192K, used 15000K [0x00000000c5200000, 0x00000000c7940000, 0x00000000ec600000)
  object space 40192K, 37% used [0x00000000c5200000,0x00000000c60a6010,0x00000000c7940000)
 PSPermGen       total 21248K, used 8758K [0x00000000bac00000, 0x00000000bc0c0000, 0x00000000c5200000)
  object space 21248K, 41% used [0x00000000bac00000,0x00000000bb48d9a0,0x00000000bc0c0000)
Event: 0.922 GC heap after
Heap after GC invocations=2 (full 0):
 PSYoungGen      total 17536K, used 1008K [0x00000000ec600000, 0x00000000ee840000, 0x0000000100000000)
  eden space 15040K, 0% used [0x00000000ec600000,0x00000000ec600000,0x00000000ed4b0000)
  from space 2496K, 40% used [0x00000000ed720000,0x00000000ed81c010,0x00000000ed990000)
  to   space 2496K, 0% used [0x00000000ed4b0000,0x00000000ed4b0000,0x00000000ed720000)
 ParOldGen       total 40192K, used 15000K [0x00000000c5200000, 0x00000000c7940000, 0x00000000ec600000)
  object space 40192K, 37% used [0x00000000c5200000,0x00000000c60a6010,0x00000000c7940000)
 PSPermGen       total 21248K, used 8758K [0x00000000bac00000, 0x00000000bc0c0000, 0x00000000c5200000)
  object space 21248K, 41% used [0x00000000bac00000,0x00000000bb48d9a0,0x00000000bc0c0000)
}
Event: 2.640 GC heap before
{Heap before GC invocations=3 (full 0):
 PSYoungGen      total 17536K, used 16048K [0x00000000ec600000, 0x00000000ee840000, 0x0000000100000000)
  eden space 15040K, 100% used [0x00000000ec600000,0x00000000ed4b0000,0x00000000ed4b0000)
  from space 2496K, 40% used [0x00000000ed720000,0x00000000ed81c010,0x00000000ed990000)
  to   space 2496K, 0% used [0x00000000ed4b0000,0x00000000ed4b0000,0x00000000ed720000)
 ParOldGen       total 55232K, used 41783K [0x00000000c5200000, 0x00000000c87f0000, 0x00000000ec600000)
  object space 55232K, 75% used [0x00000000c5200000,0x00000000c7acdc10,0x00000000c87f0000)
 PSPermGen       total 21248K, used 12546K [0x00000000bac00000, 0x00000000bc0c0000, 0x00000000c5200000)
  object space 21248K, 59% used [0x00000000bac00000,0x00000000bb840b78,0x00000000bc0c0000)
Event: 2.648 GC heap after
Heap after GC invocations=3 (full 0):
 PSYoungGen      total 17536K, used 2186K [0x00000000ec600000, 0x00000000ee840000, 0x0000000100000000)
  eden space 15040K, 0% used [0x00000000ec600000,0x00000000ec600000,0x00000000ed4b0000)
  from space 2496K, 87% used [0x00000000ed4b0000,0x00000000ed6d2a30,0x00000000ed720000)
  to   space 2496K, 0% used [0x00000000ee5d0000,0x00000000ee5d0000,0x00000000ee840000)
 ParOldGen       total 55232K, used 49102K [0x00000000c5200000, 0x00000000c87f0000, 0x00000000ec600000)
  object space 55232K, 88% used [0x00000000c5200000,0x00000000c81f3ab8,0x00000000c87f0000)
 PSPermGen       total 21248K, used 12546K [0x00000000bac00000, 0x00000000bc0c0000, 0x00000000c5200000)
  object space 21248K, 59% used [0x00000000bac00000,0x00000000bb840b78,0x00000000bc0c0000)
}
Event: 2.648 GC heap before
{Heap before GC invocations=4 (full 1):
 PSYoungGen      total 17536K, used 2186K [0x00000000ec600000, 0x00000000ee840000, 0x0000000100000000)
  eden space 15040K, 0% used [0x00000000ec600000,0x00000000ec600000,0x00000000ed4b0000)
  from space 2496K, 87% used [0x00000000ed4b0000,0x00000000ed6d2a30,0x00000000ed720000)
  to   space 2496K, 0% used [0x00000000ee5d0000,0x00000000ee5d0000,0x00000000ee840000)
 ParOldGen       total 55232K, used 49102K [0x00000000c5200000, 0x00000000c87f0000, 0x00000000ec600000)
  object space 55232K, 88% used [0x00000000c5200000,0x00000000c81f3ab8,0x00000000c87f0000)
 PSPermGen       total 21248K, used 12546K [0x00000000bac00000, 0x00000000bc0c0000, 0x00000000c5200000)
  object space 21248K, 59% used [0x00000000bac00000,0x00000000bb840b78,0x00000000bc0c0000)
Event: 2.733 GC heap after
Heap after GC invocations=4 (full 1):
 PSYoungGen      total 17536K, used 0K [0x00000000ec600000, 0x00000000ee840000, 0x0000000100000000)
  eden space 15040K, 0% used [0x00000000ec600000,0x00000000ec600000,0x00000000ed4b0000)
  from space 2496K, 0% used [0x00000000ed4b0000,0x00000000ed4b0000,0x00000000ed720000)
  to   space 2496K, 0% used [0x00000000ee5d0000,0x00000000ee5d0000,0x00000000ee840000)
 ParOldGen       total 71424K, used 36202K [0x00000000c5200000, 0x00000000c97c0000, 0x00000000ec600000)
  object space 71424K, 50% used [0x00000000c5200000,0x00000000c755aaa0,0x00000000c97c0000)
 PSPermGen       total 25408K, used 12542K [0x00000000bac00000, 0x00000000bc4d0000, 0x00000000c5200000)
  object space 25408K, 49% used [0x00000000bac00000,0x00000000bb83fa38,0x00000000bc4d0000)
}

